--------------------------------------------------------------------------------
Release 14.6 Trace  (nt64)
Copyright (c) 1995-2013 Xilinx, Inc.  All rights reserved.

C:\Xilinx\14.6\ISE_DS\ISE\bin\nt64\unwrapped\trce.exe -intstyle ise -v 3 -s 2
-n 3 -fastpaths -xml top.twx top.ncd -o top.twr top.pcf

Design file:              top.ncd
Physical constraint file: top.pcf
Device,package,speed:     xc6slx45,fgg676,C,-2 (PRODUCTION 1.23 2013-06-08)
Report level:             verbose report

Environment Variable      Effect 
--------------------      ------ 
NONE                      No environment variables were set
--------------------------------------------------------------------------------

INFO:Timing:2698 - No timing constraints found, doing default enumeration.
INFO:Timing:3412 - To improve timing, see the Timing Closure User Guide (UG612).
INFO:Timing:2752 - To get complete path coverage, use the unconstrained paths 
   option. All paths that are not constrained will be reported in the 
   unconstrained paths section(s) of the report.
INFO:Timing:3339 - The clock-to-out numbers in this timing report are based on 
   a 50 Ohm transmission line loading model.  For the details of this model, 
   and for more information on accounting for different loading conditions, 
   please see the device datasheet.



Data Sheet report:
-----------------
All values displayed in nanoseconds (ns)

Setup/Hold to clock clk_i
------------+------------+------------+------------+------------+---------------------+--------+
            |Max Setup to|  Process   |Max Hold to |  Process   |                     | Clock  |
Source      | clk (edge) |   Corner   | clk (edge) |   Corner   |Internal Clock(s)    | Phase  |
------------+------------+------------+------------+------------+---------------------+--------+
reset_n_i   |    5.027(R)|      SLOW  |   -2.544(R)|      FAST  |vga_top_i/vga_i/clk_s|   0.000|
------------+------------+------------+------------+------------+---------------------+--------+

Clock clk_i to Pad
------------+-----------------+------------+-----------------+------------+---------------------+--------+
            |Max (slowest) clk|  Process   |Min (fastest) clk|  Process   |                     | Clock  |
Destination |  (edge) to PAD  |   Corner   |  (edge) to PAD  |   Corner   |Internal Clock(s)    | Phase  |
------------+-----------------+------------+-----------------+------------+---------------------+--------+
blank_o     |        14.329(R)|      SLOW  |         6.512(R)|      FAST  |vga_top_i/vga_i/clk_s|   0.000|
blue_o<0>   |        19.109(R)|      SLOW  |         9.345(R)|      FAST  |vga_top_i/vga_i/clk_s|   0.000|
blue_o<1>   |        19.292(R)|      SLOW  |         9.442(R)|      FAST  |vga_top_i/vga_i/clk_s|   0.000|
blue_o<2>   |        15.402(R)|      SLOW  |         7.288(R)|      FAST  |vga_top_i/vga_i/clk_s|   0.000|
blue_o<3>   |        16.609(R)|      SLOW  |         7.969(R)|      FAST  |vga_top_i/vga_i/clk_s|   0.000|
blue_o<4>   |        19.139(R)|      SLOW  |         9.375(R)|      FAST  |vga_top_i/vga_i/clk_s|   0.000|
blue_o<5>   |        15.360(R)|      SLOW  |         7.246(R)|      FAST  |vga_top_i/vga_i/clk_s|   0.000|
blue_o<6>   |        19.695(R)|      SLOW  |         9.730(R)|      FAST  |vga_top_i/vga_i/clk_s|   0.000|
blue_o<7>   |        19.074(R)|      SLOW  |         9.310(R)|      FAST  |vga_top_i/vga_i/clk_s|   0.000|
green_o<0>  |        15.720(R)|      SLOW  |         7.284(R)|      FAST  |vga_top_i/vga_i/clk_s|   0.000|
green_o<1>  |        17.559(R)|      SLOW  |         8.351(R)|      FAST  |vga_top_i/vga_i/clk_s|   0.000|
green_o<2>  |        17.425(R)|      SLOW  |         8.303(R)|      FAST  |vga_top_i/vga_i/clk_s|   0.000|
green_o<3>  |        17.235(R)|      SLOW  |         8.199(R)|      FAST  |vga_top_i/vga_i/clk_s|   0.000|
green_o<4>  |        16.822(R)|      SLOW  |         8.081(R)|      FAST  |vga_top_i/vga_i/clk_s|   0.000|
green_o<5>  |        17.425(R)|      SLOW  |         8.288(R)|      FAST  |vga_top_i/vga_i/clk_s|   0.000|
green_o<6>  |        16.976(R)|      SLOW  |         8.164(R)|      FAST  |vga_top_i/vga_i/clk_s|   0.000|
green_o<7>  |        18.149(R)|      SLOW  |         8.815(R)|      FAST  |vga_top_i/vga_i/clk_s|   0.000|
pix_clock_o |        12.109(R)|      SLOW  |         5.212(R)|      FAST  |vga_top_i/vga_i/clk_s|   0.000|
            |        12.047(F)|      SLOW  |         5.146(F)|      FAST  |vga_top_i/vga_i/clk_s|   0.000|
psave_o     |        14.376(R)|      SLOW  |         6.539(R)|      FAST  |vga_top_i/vga_i/clk_s|   0.000|
red_o<0>    |        16.734(R)|      SLOW  |         7.900(R)|      FAST  |vga_top_i/vga_i/clk_s|   0.000|
red_o<1>    |        17.132(R)|      SLOW  |         8.125(R)|      FAST  |vga_top_i/vga_i/clk_s|   0.000|
red_o<2>    |        16.837(R)|      SLOW  |         7.938(R)|      FAST  |vga_top_i/vga_i/clk_s|   0.000|
red_o<3>    |        16.718(R)|      SLOW  |         7.883(R)|      FAST  |vga_top_i/vga_i/clk_s|   0.000|
red_o<4>    |        16.501(R)|      SLOW  |         7.774(R)|      FAST  |vga_top_i/vga_i/clk_s|   0.000|
red_o<5>    |        16.411(R)|      SLOW  |         7.637(R)|      FAST  |vga_top_i/vga_i/clk_s|   0.000|
red_o<6>    |        16.272(R)|      SLOW  |         7.584(R)|      FAST  |vga_top_i/vga_i/clk_s|   0.000|
red_o<7>    |        16.049(R)|      SLOW  |         7.469(R)|      FAST  |vga_top_i/vga_i/clk_s|   0.000|
sync_o      |        14.605(R)|      SLOW  |         6.643(R)|      FAST  |vga_top_i/vga_i/clk_s|   0.000|
vga_hsync_o |        14.467(R)|      SLOW  |         6.652(R)|      FAST  |vga_top_i/vga_i/clk_s|   0.000|
vga_vsync_o |        14.953(R)|      SLOW  |         6.875(R)|      FAST  |vga_top_i/vga_i/clk_s|   0.000|
------------+-----------------+------------+-----------------+------------+---------------------+--------+

Clock to Setup on destination clock clk_i
---------------+---------+---------+---------+---------+
               | Src:Rise| Src:Fall| Src:Rise| Src:Fall|
Source Clock   |Dest:Rise|Dest:Rise|Dest:Fall|Dest:Fall|
---------------+---------+---------+---------+---------+
clk_i          |   11.803|         |         |         |
---------------+---------+---------+---------+---------+


Analysis completed Wed Mar 22 12:28:44 2017 
--------------------------------------------------------------------------------

Trace Settings:
-------------------------
Trace Settings 

Peak Memory Usage: 264 MB



